# Logfile created on 2014-01-17 09:27:49 -0700 by logger.rb/41954
I, [2014-01-17T09:27:49.580163 #4073]  INFO -- : 0:  rake (10.0.0) from /Users/wvmitchell/.rvm/gems/ruby-2.0.0-p353/specifications/rake-10.0.0.gemspec
I, [2014-01-17T09:27:51.413878 #4073]  INFO -- : 0:  i18n (0.6.5) from /Users/wvmitchell/.rvm/gems/ruby-2.0.0-p353/specifications/i18n-0.6.5.gemspec
I, [2014-01-17T09:27:52.079922 #4073]  INFO -- : 0:  multi_json (1.7.9) from /Users/wvmitchell/.rvm/gems/ruby-2.0.0-p353/specifications/multi_json-1.7.9.gemspec
I, [2014-01-17T09:27:55.711582 #4073]  INFO -- : 0:  activesupport (3.2.14) from /Users/wvmitchell/.rvm/gems/ruby-2.0.0-p353/specifications/activesupport-3.2.14.gemspec
I, [2014-01-17T09:27:56.339873 #4073]  INFO -- : 0:  builder (3.0.4) from /Users/wvmitchell/.rvm/gems/ruby-2.0.0-p353/specifications/builder-3.0.4.gemspec
I, [2014-01-17T09:27:58.180421 #4073]  INFO -- : 0:  chunky_png (1.2.8) from /Users/wvmitchell/.rvm/gems/ruby-2.0.0-p353/specifications/chunky_png-1.2.8.gemspec
I, [2014-01-17T09:27:58.943838 #4073]  INFO -- : 0:  coffee-script-source (1.6.3) from /Users/wvmitchell/.rvm/gems/ruby-2.0.0-p353/specifications/coffee-script-source-1.6.3.gemspec
I, [2014-01-17T09:27:59.445002 #4073]  INFO -- : 0:  execjs (1.4.0) from /Users/wvmitchell/.rvm/gems/ruby-2.0.0-p353/specifications/execjs-1.4.0.gemspec
I, [2014-01-17T09:27:59.896960 #4073]  INFO -- : 0:  coffee-script (2.2.0) from /Users/wvmitchell/.rvm/gems/ruby-2.0.0-p353/specifications/coffee-script-2.2.0.gemspec
I, [2014-01-17T09:28:00.407067 #4073]  INFO -- : 0:  fssm (0.2.10) from /Users/wvmitchell/.rvm/gems/ruby-2.0.0-p353/specifications/fssm-0.2.10.gemspec
I, [2014-01-17T09:28:02.262173 #4073]  INFO -- : 0:  sass (3.2.10) from /Users/wvmitchell/.rvm/gems/ruby-2.0.0-p353/specifications/sass-3.2.10.gemspec
I, [2014-01-17T09:28:06.636848 #4073]  INFO -- : 0:  compass (0.12.2) from /Users/wvmitchell/.rvm/gems/ruby-2.0.0-p353/specifications/compass-0.12.2.gemspec
I, [2014-01-17T09:28:17.053056 #4073]  INFO -- : 0:  ffi (1.9.0) from /Users/wvmitchell/.rvm/gems/ruby-2.0.0-p353/specifications/ffi-1.9.0.gemspec
I, [2014-01-17T09:28:17.862583 #4073]  INFO -- : 0:  tilt (1.3.7) from /Users/wvmitchell/.rvm/gems/ruby-2.0.0-p353/specifications/tilt-1.3.7.gemspec
I, [2014-01-17T09:28:19.323454 #4073]  INFO -- : 0:  haml (4.0.3) from /Users/wvmitchell/.rvm/gems/ruby-2.0.0-p353/specifications/haml-4.0.3.gemspec
I, [2014-01-17T09:28:19.781812 #4073]  INFO -- : 0:  hike (1.2.3) from /Users/wvmitchell/.rvm/gems/ruby-2.0.0-p353/specifications/hike-1.2.3.gemspec
I, [2014-01-17T09:28:21.190838 #4073]  INFO -- : 0:  kramdown (1.1.0) from /Users/wvmitchell/.rvm/gems/ruby-2.0.0-p353/specifications/kramdown-1.1.0.gemspec
I, [2014-01-17T09:28:22.289190 #4073]  INFO -- : 0:  rb-fsevent (0.9.3) from /Users/wvmitchell/.rvm/gems/ruby-2.0.0-p353/specifications/rb-fsevent-0.9.3.gemspec
I, [2014-01-17T09:28:22.755329 #4073]  INFO -- : 0:  rb-inotify (0.9.1) from /Users/wvmitchell/.rvm/gems/ruby-2.0.0-p353/specifications/rb-inotify-0.9.1.gemspec
I, [2014-01-17T09:28:23.437892 #4073]  INFO -- : 0:  rb-kqueue (0.2.0) from /Users/wvmitchell/.rvm/gems/ruby-2.0.0-p353/specifications/rb-kqueue-0.2.0.gemspec
I, [2014-01-17T09:28:24.569746 #4073]  INFO -- : 0:  listen (1.2.3) from /Users/wvmitchell/.rvm/gems/ruby-2.0.0-p353/specifications/listen-1.2.3.gemspec
I, [2014-01-17T09:28:27.328509 #4073]  INFO -- : 0:  syntax (1.0.0) from /Users/wvmitchell/.rvm/gems/ruby-2.0.0-p353/specifications/syntax-1.0.0.gemspec
I, [2014-01-17T09:28:29.365323 #4073]  INFO -- : 0:  maruku (0.6.1) from /Users/wvmitchell/.rvm/gems/ruby-2.0.0-p353/specifications/maruku-0.6.1.gemspec
I, [2014-01-17T09:28:29.365823 #4073]  INFO -- : 0:  bundler (1.5.1) from /Users/wvmitchell/.rvm/gems/ruby-2.0.0-p353@global/specifications/bundler-1.5.1.gemspec
I, [2014-01-17T09:28:30.955822 #4073]  INFO -- : 0:  rack (1.5.2) from /Users/wvmitchell/.rvm/gems/ruby-2.0.0-p353/specifications/rack-1.5.2.gemspec
I, [2014-01-17T09:28:31.687776 #4073]  INFO -- : 0:  rack-test (0.6.2) from /Users/wvmitchell/.rvm/gems/ruby-2.0.0-p353/specifications/rack-test-0.6.2.gemspec
I, [2014-01-17T09:28:33.075590 #4073]  INFO -- : 0:  thor (0.18.1) from /Users/wvmitchell/.rvm/gems/ruby-2.0.0-p353/specifications/thor-0.18.1.gemspec
I, [2014-01-17T09:28:43.246219 #4073]  INFO -- : 0:  middleman-core (3.1.4) from /Users/wvmitchell/.rvm/gems/ruby-2.0.0-p353/specifications/middleman-core-3.1.4.gemspec
I, [2014-01-17T09:28:43.869963 #4073]  INFO -- : 0:  middleman-more (3.1.4) from /Users/wvmitchell/.rvm/gems/ruby-2.0.0-p353/specifications/middleman-more-3.1.4.gemspec
I, [2014-01-17T09:28:45.160610 #4073]  INFO -- : 0:  sprockets (2.10.0) from /Users/wvmitchell/.rvm/gems/ruby-2.0.0-p353/specifications/sprockets-2.10.0.gemspec
I, [2014-01-17T09:28:47.222929 #4073]  INFO -- : 0:  sprockets-helpers (1.0.1) from /Users/wvmitchell/.rvm/gems/ruby-2.0.0-p353/specifications/sprockets-helpers-1.0.1.gemspec
I, [2014-01-17T09:28:47.694395 #4073]  INFO -- : 0:  sprockets-sass (1.0.1) from /Users/wvmitchell/.rvm/gems/ruby-2.0.0-p353/specifications/sprockets-sass-1.0.1.gemspec
I, [2014-01-17T09:28:48.862212 #4073]  INFO -- : 0:  middleman-sprockets (3.1.4) from /Users/wvmitchell/.rvm/gems/ruby-2.0.0-p353/specifications/middleman-sprockets-3.1.4.gemspec
I, [2014-01-17T09:28:50.060736 #4073]  INFO -- : 0:  uglifier (2.1.2) from /Users/wvmitchell/.rvm/gems/ruby-2.0.0-p353/specifications/uglifier-2.1.2.gemspec
I, [2014-01-17T09:28:50.723723 #4073]  INFO -- : 0:  middleman (3.1.4) from /Users/wvmitchell/.rvm/gems/ruby-2.0.0-p353/specifications/middleman-3.1.4.gemspec
I, [2014-01-17T09:28:54.262581 #4073]  INFO -- : 0:  tzinfo (0.3.37) from /Users/wvmitchell/.rvm/gems/ruby-2.0.0-p353/specifications/tzinfo-0.3.37.gemspec
I, [2014-01-17T09:28:55.971353 #4073]  INFO -- : 0:  middleman-blog (3.2.0) from /Users/wvmitchell/.rvm/gems/ruby-2.0.0-p353/specifications/middleman-blog-3.2.0.gemspec
I, [2014-01-17T09:28:56.823721 #4073]  INFO -- : 0:  posix-spawn (0.3.6) from /Users/wvmitchell/.rvm/gems/ruby-2.0.0-p353/specifications/posix-spawn-0.3.6.gemspec
I, [2014-01-17T09:28:59.137236 #4073]  INFO -- : 0:  yajl-ruby (1.1.0) from /Users/wvmitchell/.rvm/gems/ruby-2.0.0-p353/specifications/yajl-ruby-1.1.0.gemspec
I, [2014-01-17T09:29:05.549696 #4073]  INFO -- : 0:  pygments.rb (0.3.7) from /Users/wvmitchell/.rvm/gems/ruby-2.0.0-p353/specifications/pygments.rb-0.3.7.gemspec
I, [2014-01-17T09:29:06.099036 #4073]  INFO -- : 0:  middleman-syntax (1.0.1) from /Users/wvmitchell/.rvm/gems/ruby-2.0.0-p353/specifications/middleman-syntax-1.0.1.gemspec
I, [2014-01-17T09:29:06.578528 #4073]  INFO -- : 0:  mini_portile (0.5.1) from /Users/wvmitchell/.rvm/gems/ruby-2.0.0-p353/specifications/mini_portile-0.5.1.gemspec
I, [2014-01-17T09:29:07.205726 #4073]  INFO -- : 0:  sassy-math (1.2) from /Users/wvmitchell/.rvm/gems/ruby-2.0.0-p353/specifications/sassy-math-1.2.gemspec
I, [2014-01-17T09:29:07.683249 #4073]  INFO -- : 0:  modular-scale (1.0.2) from /Users/wvmitchell/.rvm/gems/ruby-2.0.0-p353/specifications/modular-scale-1.0.2.gemspec
I, [2014-01-17T09:30:40.584010 #4073]  INFO -- : 0:  nokogiri (1.6.0) from /Users/wvmitchell/.rvm/gems/ruby-2.0.0-p353/specifications/nokogiri-1.6.0.gemspec
I, [2014-01-17T09:30:41.362891 #4073]  INFO -- : 0:  rack-contrib (1.1.0) from /Users/wvmitchell/.rvm/gems/ruby-2.0.0-p353/specifications/rack-contrib-1.1.0.gemspec
I, [2014-01-17T09:30:43.561659 #4073]  INFO -- : 0:  redcarpet (2.2.2) from /Users/wvmitchell/.rvm/gems/ruby-2.0.0-p353/specifications/redcarpet-2.2.2.gemspec
I, [2014-01-17T09:30:45.759513 #4073]  INFO -- : 0:  zurb-foundation (3.2.3) from /Users/wvmitchell/.rvm/gems/ruby-2.0.0-p353/specifications/zurb-foundation-3.2.3.gemspec
